[0.000000] (-) TimerEvent: {}
[0.000170] (-) JobUnselected: {'identifier': 'demo_python_node'}
[0.000222] (demo_cpp_pkg) JobQueued: {'identifier': 'demo_cpp_pkg', 'dependencies': OrderedDict()}
[0.000971] (demo_cpp_pkg) JobStarted: {'identifier': 'demo_cpp_pkg'}
[0.016642] (demo_cpp_pkg) JobProgress: {'identifier': 'demo_cpp_pkg', 'progress': 'cmake'}
[0.019263] (demo_cpp_pkg) JobProgress: {'identifier': 'demo_cpp_pkg', 'progress': 'build'}
[0.019343] (demo_cpp_pkg) Command: {'cmd': ['/usr/bin/cmake', '--build', '/home/cat/WorkSpace/Code/ROS2/chapt2/chapt2_ws/build/demo_cpp_pkg', '--', '-j16', '-l16'], 'cwd': '/home/cat/WorkSpace/Code/ROS2/chapt2/chapt2_ws/build/demo_cpp_pkg', 'env': OrderedDict([('LESSOPEN', '| /usr/bin/lesspipe %s'), ('USER', 'cat'), ('LC_TIME', 'zh_CN.UTF-8'), ('XDG_SESSION_TYPE', 'wayland'), ('GIT_ASKPASS', '/usr/share/code/resources/app/extensions/git/dist/askpass.sh'), ('SHLVL', '2'), ('LD_LIBRARY_PATH', '/usr/lib/x86_64-linux-gnu/gazebo-11/plugins:/opt/ros/humble/opt/rviz_ogre_vendor/lib:/opt/ros/humble/lib/x86_64-linux-gnu:/opt/ros/humble/lib'), ('HOME', '/home/cat'), ('CHROME_DESKTOP', 'code-url-handler.desktop'), ('OLDPWD', '/home/cat/WorkSpace/third'), ('TERM_PROGRAM_VERSION', '1.94.2'), ('DESKTOP_SESSION', 'ubuntu'), ('ROS_PYTHON_VERSION', '3'), ('GNOME_SHELL_SESSION_MODE', 'ubuntu'), ('GTK_MODULES', 'gail:atk-bridge'), ('VSCODE_GIT_ASKPASS_MAIN', '/usr/share/code/resources/app/extensions/git/dist/askpass-main.js'), ('LC_MONETARY', 'zh_CN.UTF-8'), ('VSCODE_GIT_ASKPASS_NODE', '/usr/share/code/code'), ('DBUS_STARTER_BUS_TYPE', 'session'), ('SYSTEMD_EXEC_PID', '1772'), ('DBUS_SESSION_BUS_ADDRESS', 'unix:path=/run/user/1000/bus,guid=d192c0ec043362a1db201bdc6734084b'), ('COLORTERM', 'truecolor'), ('IM_CONFIG_PHASE', '1'), ('WAYLAND_DISPLAY', 'wayland-0'), ('ROS_DISTRO', 'humble'), ('LOGNAME', 'cat'), ('_', '/usr/bin/colcon'), ('ROS_VERSION', '2'), ('XDG_SESSION_CLASS', 'user'), ('USERNAME', 'cat'), ('TERM', 'xterm-256color'), ('GNOME_DESKTOP_SESSION_ID', 'this-is-deprecated'), ('ROS_LOCALHOST_ONLY', '0'), ('PATH', '/opt/ros/humble/bin:/usr/local/sbin:/usr/local/bin:/usr/sbin:/usr/bin:/sbin:/bin:/usr/games:/usr/local/games:/snap/bin:/snap/bin'), ('SESSION_MANAGER', 'local/LubanCat:@/tmp/.ICE-unix/1772,unix/LubanCat:/tmp/.ICE-unix/1772'), ('XDG_MENU_PREFIX', 'gnome-'), ('LC_ADDRESS', 'zh_CN.UTF-8'), ('GNOME_TERMINAL_SCREEN', '/org/gnome/Terminal/screen/f0a75c6b_5a56_4f1d_91c8_9f00b271fb1f'), ('GNOME_SETUP_DISPLAY', ':1'), ('XDG_RUNTIME_DIR', '/run/user/1000'), ('GDK_BACKEND', 'x11'), ('DISPLAY', ':0'), ('LANG', 'en_US.UTF-8'), ('XDG_CURRENT_DESKTOP', 'Unity'), ('LC_TELEPHONE', 'zh_CN.UTF-8'), ('XMODIFIERS', '@im=ibus'), ('XDG_SESSION_DESKTOP', 'ubuntu'), ('XAUTHORITY', '/run/user/1000/.mutter-Xwaylandauth.AHA2W2'), ('LS_COLORS', 'rs=0:di=01;34:ln=01;36:mh=00:pi=40;33:so=01;35:do=01;35:bd=40;33;01:cd=40;33;01:or=40;31;01:mi=00:su=37;41:sg=30;43:ca=30;41:tw=30;42:ow=34;42:st=37;44:ex=01;32:*.tar=01;31:*.tgz=01;31:*.arc=01;31:*.arj=01;31:*.taz=01;31:*.lha=01;31:*.lz4=01;31:*.lzh=01;31:*.lzma=01;31:*.tlz=01;31:*.txz=01;31:*.tzo=01;31:*.t7z=01;31:*.zip=01;31:*.z=01;31:*.dz=01;31:*.gz=01;31:*.lrz=01;31:*.lz=01;31:*.lzo=01;31:*.xz=01;31:*.zst=01;31:*.tzst=01;31:*.bz2=01;31:*.bz=01;31:*.tbz=01;31:*.tbz2=01;31:*.tz=01;31:*.deb=01;31:*.rpm=01;31:*.jar=01;31:*.war=01;31:*.ear=01;31:*.sar=01;31:*.rar=01;31:*.alz=01;31:*.ace=01;31:*.zoo=01;31:*.cpio=01;31:*.7z=01;31:*.rz=01;31:*.cab=01;31:*.wim=01;31:*.swm=01;31:*.dwm=01;31:*.esd=01;31:*.jpg=01;35:*.jpeg=01;35:*.mjpg=01;35:*.mjpeg=01;35:*.gif=01;35:*.bmp=01;35:*.pbm=01;35:*.pgm=01;35:*.ppm=01;35:*.tga=01;35:*.xbm=01;35:*.xpm=01;35:*.tif=01;35:*.tiff=01;35:*.png=01;35:*.svg=01;35:*.svgz=01;35:*.mng=01;35:*.pcx=01;35:*.mov=01;35:*.mpg=01;35:*.mpeg=01;35:*.m2v=01;35:*.mkv=01;35:*.webm=01;35:*.webp=01;35:*.ogm=01;35:*.mp4=01;35:*.m4v=01;35:*.mp4v=01;35:*.vob=01;35:*.qt=01;35:*.nuv=01;35:*.wmv=01;35:*.asf=01;35:*.rm=01;35:*.rmvb=01;35:*.flc=01;35:*.avi=01;35:*.fli=01;35:*.flv=01;35:*.gl=01;35:*.dl=01;35:*.xcf=01;35:*.xwd=01;35:*.yuv=01;35:*.cgm=01;35:*.emf=01;35:*.ogv=01;35:*.ogx=01;35:*.aac=00;36:*.au=00;36:*.flac=00;36:*.m4a=00;36:*.mid=00;36:*.midi=00;36:*.mka=00;36:*.mp3=00;36:*.mpc=00;36:*.ogg=00;36:*.ra=00;36:*.wav=00;36:*.oga=00;36:*.opus=00;36:*.spx=00;36:*.xspf=00;36:'), ('VSCODE_GIT_IPC_HANDLE', '/run/user/1000/vscode-git-7f6b9a96ac.sock'), ('GNOME_TERMINAL_SERVICE', ':1.99'), ('TERM_PROGRAM', 'vscode'), ('SSH_AGENT_LAUNCHER', 'gnome-keyring'), ('SSH_AUTH_SOCK', '/run/user/1000/keyring/ssh'), ('AMENT_PREFIX_PATH', '/opt/ros/humble'), ('ORIGINAL_XDG_CURRENT_DESKTOP', 'ubuntu:GNOME'), ('SHELL', '/bin/bash'), ('LC_NAME', 'zh_CN.UTF-8'), ('QT_ACCESSIBILITY', '1'), ('GDMSESSION', 'ubuntu'), ('LESSCLOSE', '/usr/bin/lesspipe %s %s'), ('LC_MEASUREMENT', 'zh_CN.UTF-8'), ('LC_IDENTIFICATION', 'zh_CN.UTF-8'), ('VSCODE_GIT_ASKPASS_EXTRA_ARGS', ''), ('QT_IM_MODULE', 'ibus'), ('PWD', '/home/cat/WorkSpace/Code/ROS2/chapt2/chapt2_ws/build/demo_cpp_pkg'), ('XDG_CONFIG_DIRS', '/etc/xdg/xdg-ubuntu:/etc/xdg'), ('DBUS_STARTER_ADDRESS', 'unix:path=/run/user/1000/bus,guid=d192c0ec043362a1db201bdc6734084b'), ('XDG_DATA_DIRS', '/usr/share/ubuntu:/usr/local/share/:/usr/share/:/var/lib/snapd/desktop'), ('PYTHONPATH', '/opt/ros/humble/lib/python3.10/site-packages:/opt/ros/humble/local/lib/python3.10/dist-packages'), ('LC_NUMERIC', 'zh_CN.UTF-8'), ('LC_PAPER', 'zh_CN.UTF-8'), ('COLCON', '1'), ('VTE_VERSION', '6800'), ('CMAKE_PREFIX_PATH', '/opt/ros/humble')]), 'shell': False}
[0.099877] (-) TimerEvent: {}
[0.103756] (demo_cpp_pkg) StdoutLine: {'line': b'-- Found ament_cmake: 1.3.10 (/opt/ros/humble/share/ament_cmake/cmake)\n'}
[0.200278] (-) TimerEvent: {}
[0.271079] (demo_cpp_pkg) StdoutLine: {'line': b'-- Found rclcpp: 16.0.10 (/opt/ros/humble/share/rclcpp/cmake)\n'}
[0.300563] (-) TimerEvent: {}
[0.333963] (demo_cpp_pkg) StdoutLine: {'line': b'-- Found rosidl_generator_c: 3.1.5 (/opt/ros/humble/share/rosidl_generator_c/cmake)\n'}
[0.339203] (demo_cpp_pkg) StdoutLine: {'line': b'-- Found rosidl_adapter: 3.1.5 (/opt/ros/humble/share/rosidl_adapter/cmake)\n'}
[0.352804] (demo_cpp_pkg) StdoutLine: {'line': b'-- Found rosidl_generator_cpp: 3.1.5 (/opt/ros/humble/share/rosidl_generator_cpp/cmake)\n'}
[0.372997] (demo_cpp_pkg) StdoutLine: {'line': b'-- Using all available rosidl_typesupport_c: rosidl_typesupport_fastrtps_c;rosidl_typesupport_introspection_c\n'}
[0.395186] (demo_cpp_pkg) StdoutLine: {'line': b'-- Using all available rosidl_typesupport_cpp: rosidl_typesupport_fastrtps_cpp;rosidl_typesupport_introspection_cpp\n'}
[0.401118] (-) TimerEvent: {}
[0.457981] (demo_cpp_pkg) StdoutLine: {'line': b'-- Found rmw_implementation_cmake: 6.1.2 (/opt/ros/humble/share/rmw_implementation_cmake/cmake)\n'}
[0.462257] (demo_cpp_pkg) StdoutLine: {'line': b'-- Found rmw_fastrtps_cpp: 6.2.7 (/opt/ros/humble/share/rmw_fastrtps_cpp/cmake)\n'}
[0.501507] (-) TimerEvent: {}
[0.587854] (demo_cpp_pkg) StdoutLine: {'line': b"-- Using RMW implementation 'rmw_fastrtps_cpp' as default\n"}
[0.601789] (-) TimerEvent: {}
[0.669670] (demo_cpp_pkg) StdoutLine: {'line': b'-- Found ament_lint_auto: 0.12.11 (/opt/ros/humble/share/ament_lint_auto/cmake)\n'}
[0.701974] (-) TimerEvent: {}
[0.757828] (demo_cpp_pkg) StdoutLine: {'line': b"-- Added test 'cppcheck' to perform static code analysis on C / C++ code\n"}
[0.758269] (demo_cpp_pkg) StdoutLine: {'line': b'-- Configured cppcheck include dirs: /home/cat/WorkSpace/Code/ROS2/chapt2/chapt2_ws/src/demo_cpp_pkg/include\n'}
[0.758406] (demo_cpp_pkg) StdoutLine: {'line': b'-- Configured cppcheck exclude dirs and/or files: \n'}
[0.760265] (demo_cpp_pkg) StdoutLine: {'line': b"-- Added test 'flake8' to check Python code syntax and style conventions\n"}
[0.764738] (demo_cpp_pkg) StdoutLine: {'line': b"-- Added test 'lint_cmake' to check CMake code style\n"}
[0.766622] (demo_cpp_pkg) StdoutLine: {'line': b"-- Added test 'pep257' to check Python code against some of the docstring style conventions in PEP 257\n"}
[0.778291] (demo_cpp_pkg) StdoutLine: {'line': b"-- Added test 'uncrustify' to check C / C++ code style\n"}
[0.778499] (demo_cpp_pkg) StdoutLine: {'line': b'-- Configured uncrustify additional arguments: \n'}
[0.781273] (demo_cpp_pkg) StdoutLine: {'line': b"-- Added test 'xmllint' to check XML markup files\n"}
[0.784426] (demo_cpp_pkg) StdoutLine: {'line': b'-- Configuring done\n'}
[0.802369] (-) TimerEvent: {}
[0.818993] (demo_cpp_pkg) StdoutLine: {'line': b'-- Generating done\n'}
[0.822404] (demo_cpp_pkg) StdoutLine: {'line': b'-- Build files have been written to: /home/cat/WorkSpace/Code/ROS2/chapt2/chapt2_ws/build/demo_cpp_pkg\n'}
[0.853026] (demo_cpp_pkg) StdoutLine: {'line': b'\x1b[35m\x1b[1mConsolidate compiler generated dependencies of target learn_lambda\x1b[0m\n'}
[0.853242] (demo_cpp_pkg) StdoutLine: {'line': b'\x1b[35m\x1b[1mConsolidate compiler generated dependencies of target learn_share_ptr\x1b[0m\n'}
[0.853480] (demo_cpp_pkg) StdoutLine: {'line': b'\x1b[35m\x1b[1mConsolidate compiler generated dependencies of target learn_functional\x1b[0m\n'}
[0.853572] (demo_cpp_pkg) StdoutLine: {'line': b'\x1b[35m\x1b[1mConsolidate compiler generated dependencies of target person_node\x1b[0m\n'}
[0.854117] (demo_cpp_pkg) StdoutLine: {'line': b'\x1b[35m\x1b[1mConsolidate compiler generated dependencies of target cpp_node\x1b[0m\n'}
[0.865047] (demo_cpp_pkg) StdoutLine: {'line': b'[  8%] \x1b[32mBuilding CXX object CMakeFiles/learn_thread.dir/src/learn_thread.cpp.o\x1b[0m\n'}
[0.869312] (demo_cpp_pkg) StdoutLine: {'line': b'[ 25%] \x1b[32mBuilding CXX object CMakeFiles/learn_share_ptr.dir/src/learn_share_ptr.cpp.o\x1b[0m\n'}
[0.869545] (demo_cpp_pkg) StdoutLine: {'line': b'[ 25%] \x1b[32mBuilding CXX object CMakeFiles/learn_functional.dir/src/learn_functional.cpp.o\x1b[0m\n'}
[0.869797] (demo_cpp_pkg) StdoutLine: {'line': b'[ 33%] \x1b[32mBuilding CXX object CMakeFiles/learn_lambda.dir/src/learn_lambda.cpp.o\x1b[0m\n'}
[0.876468] (demo_cpp_pkg) StdoutLine: {'line': b'[ 41%] \x1b[32mBuilding CXX object CMakeFiles/cpp_node.dir/src/cpp_node.cpp.o\x1b[0m\n'}
[0.876816] (demo_cpp_pkg) StdoutLine: {'line': b'[ 50%] \x1b[32mBuilding CXX object CMakeFiles/person_node.dir/src/person_node.cpp.o\x1b[0m\n'}
[0.902793] (-) TimerEvent: {}
[0.922550] (demo_cpp_pkg) StderrLine: {'line': b'\x1b[01m\x1b[K/home/cat/WorkSpace/Code/ROS2/chapt2/chapt2_ws/src/demo_cpp_pkg/src/learn_thread.cpp:2:10:\x1b[m\x1b[K \x1b[01;31m\x1b[Kfatal error: \x1b[m\x1b[Krclcpp/rclcpp.hpp: No such file or directory\n'}
[0.922833] (demo_cpp_pkg) StderrLine: {'line': b'    2 | #include \x1b[01;31m\x1b[K"rclcpp/rclcpp.hpp"\x1b[m\x1b[K\n'}
[0.922889] (demo_cpp_pkg) StderrLine: {'line': b'      |          \x1b[01;31m\x1b[K^~~~~~~~~~~~~~~~~~~\x1b[m\x1b[K\n'}
[0.922932] (demo_cpp_pkg) StderrLine: {'line': b'compilation terminated.\n'}
[0.924993] (demo_cpp_pkg) StderrLine: {'line': b'gmake[2]: *** [CMakeFiles/learn_thread.dir/build.make:76: CMakeFiles/learn_thread.dir/src/learn_thread.cpp.o] Error 1\n'}
[0.925402] (demo_cpp_pkg) StderrLine: {'line': b'gmake[1]: *** [CMakeFiles/Makefile2:277: CMakeFiles/learn_thread.dir/all] Error 2\n'}
[0.925470] (demo_cpp_pkg) StderrLine: {'line': b'gmake[1]: *** Waiting for unfinished jobs....\n'}
[1.003038] (-) TimerEvent: {}
[1.103660] (-) TimerEvent: {}
[1.204513] (-) TimerEvent: {}
[1.305407] (-) TimerEvent: {}
[1.309877] (demo_cpp_pkg) StdoutLine: {'line': b'[ 58%] \x1b[32m\x1b[1mLinking CXX executable learn_lambda\x1b[0m\n'}
[1.321155] (demo_cpp_pkg) StdoutLine: {'line': b'[ 66%] \x1b[32m\x1b[1mLinking CXX executable learn_share_ptr\x1b[0m\n'}
[1.381162] (demo_cpp_pkg) StdoutLine: {'line': b'[ 75%] \x1b[32m\x1b[1mLinking CXX executable learn_functional\x1b[0m\n'}
[1.405636] (-) TimerEvent: {}
[1.447190] (demo_cpp_pkg) StdoutLine: {'line': b'[ 75%] Built target learn_lambda\n'}
[1.447453] (demo_cpp_pkg) StdoutLine: {'line': b'[ 75%] Built target learn_share_ptr\n'}
[1.498208] (demo_cpp_pkg) StdoutLine: {'line': b'[ 75%] Built target learn_functional\n'}
[1.506036] (-) TimerEvent: {}
[1.606662] (-) TimerEvent: {}
[1.707595] (-) TimerEvent: {}
[1.808082] (-) TimerEvent: {}
[1.908656] (-) TimerEvent: {}
[2.008999] (-) TimerEvent: {}
[2.109693] (-) TimerEvent: {}
[2.210268] (-) TimerEvent: {}
[2.310698] (-) TimerEvent: {}
[2.411285] (-) TimerEvent: {}
[2.512217] (-) TimerEvent: {}
[2.613040] (-) TimerEvent: {}
[2.713744] (-) TimerEvent: {}
[2.814712] (-) TimerEvent: {}
[2.915454] (-) TimerEvent: {}
[3.015883] (-) TimerEvent: {}
[3.116709] (-) TimerEvent: {}
[3.217588] (-) TimerEvent: {}
[3.318121] (-) TimerEvent: {}
[3.418933] (-) TimerEvent: {}
[3.519515] (-) TimerEvent: {}
[3.619984] (-) TimerEvent: {}
[3.647533] (demo_cpp_pkg) StdoutLine: {'line': b'[ 83%] \x1b[32m\x1b[1mLinking CXX executable cpp_node\x1b[0m\n'}
[3.698523] (demo_cpp_pkg) StdoutLine: {'line': b'[ 91%] \x1b[32m\x1b[1mLinking CXX executable person_node\x1b[0m\n'}
[3.720606] (-) TimerEvent: {}
[3.801223] (demo_cpp_pkg) StdoutLine: {'line': b'[ 91%] Built target cpp_node\n'}
[3.821233] (-) TimerEvent: {}
[3.826412] (demo_cpp_pkg) StdoutLine: {'line': b'[ 91%] Built target person_node\n'}
[3.827926] (demo_cpp_pkg) StderrLine: {'line': b'gmake: *** [Makefile:146: all] Error 2\n'}
[3.830357] (demo_cpp_pkg) CommandEnded: {'returncode': 2}
[3.911333] (demo_cpp_pkg) JobEnded: {'identifier': 'demo_cpp_pkg', 'rc': 2}
[3.922147] (-) TimerEvent: {}
[3.923031] (-) EventReactorShutdown: {}
